


ARM Macro Assembler    Page 1 


    1 00000000                 AREA             question2, CODE, READONLY
    2 00000000                 ENTRY                        ;the dragon
    3 00000000         
    4 00000000 E28F8058        ADR              r8, STRING  ;Loads address of S
                                                            TRING into r8
    5 00000004 E28F906C        ADR              r9, EoS     ;Loads address of E
                                                            oS into r9
    6 00000008         
    7 00000008 E4D83001 
                       Loop1   LDRB             r3, [r8], #1 ;Loads char value 
                                                            from string
    8 0000000C E3330000        TEQ              r3, #0x00   ;If string != null 
                                                            (null terminator at
                                                             end of string reac
                                                            hed)
    9 00000010 0A00000F        BEQ              True        ;Then exit from run
                                                             (palindrome == tru
                                                            e)
   10 00000014         ;Else:
   11 00000014 E3530041        CMP              r3, #'A'    ;Check if value is 
                                                            within capital rang
                                                            e (if string[i].isU
                                                            pper)
   12 00000018 A273405A        RSBGES           r4, r3, #'Z' ;If >= 'A', check 
                                                            'Z' then update the
                                                             flags
   13 0000001C A3833020        ORRGE            r3, r3, #2_100000 ;Offset by 5 
                                                            bits to change from
                                                             capital to lowerca
                                                            se if between value
                                                            s 'A' and 'Z'
   14 00000020 E3530061        CMP              r3, #'a'    ;Check if value is 
                                                            within lowercase ra
                                                            nge (if reverseStri
                                                            ng[i].isUpper)
   15 00000024 A273407A        RSBGES           r4, r3, #'z' ;If >= 'a', check 
                                                            'z' then update the
                                                             flags
   16 00000028 BAFFFFF6        BLT              Loop1       ;If value is not lo
                                                            wercase, load new v
                                                            alue
   17 0000002C         
   18 0000002C E4592001 
                       Loop2   LDRB             r2, [r9], #-1 ;Loads char value
                                                             from reverseString
                                                            
   19 00000030         
   20 00000030 E3520041        CMP              r2, #'A'    ;Check if value is 
                                                            within capital rang
                                                            e (if reverseString
                                                            [i].isUpper)
   21 00000034 A272405A        RSBGES           r4, r2, #'Z' ;If >= 'A', check 
                                                            'Z' then update the
                                                             flags
   22 00000038 A3822020        ORRGE            r2, r2, #2_100000 ;Offset by 5 
                                                            bits to change from
                                                             capital to lowerca
                                                            se if between value
                                                            s 'A' and 'Z'



ARM Macro Assembler    Page 2 


   23 0000003C E3520061        CMP              r2, #'a'    ;Check if value is 
                                                            within lowercase ra
                                                            nge (if reverseStri
                                                            ng[i].isLower)
   24 00000040 A272407A        RSBGES           r4, r2, #'z' ;If >= 'a', check 
                                                            'z' then update the
                                                             flags
   25 00000044 BAFFFFF8        BLT              Loop2       ;If value is not lo
                                                            wercase, load new v
                                                            alue
   26 00000048         
   27 00000048 E1530002        CMP              r3, r2      ;If [r3] string[i] 
                                                            != reverseString[i]
                                                            
   28 0000004C 1A000001        BNE              False       ;Then exit from run
                                                             (palindrome == fal
                                                            se)
   29 00000050 EAFFFFEC        B                Loop1       ;Else re-enter run
   30 00000054         
   31 00000054 E3E00000 
                       True    MOV              r0, #-1     ;Value at register 
                                                            0 will retroactivel
                                                            y be 1 if palindrom
                                                            e == true
   32 00000058 E2800002 
                       False   ADD              r0, r0, #2  ;Sets r0 to 2 if pa
                                                            lindrome == false
   33 0000005C         
   34 0000005C EAFFFFFE 
                       Loop    B                Loop        ;Infinite Loop to h
                                                            elp with memory map
                                                            ping
   35 00000060         
   36 00000060         TBL
   37 00000060         
   38 00000060 48 65 20 
              6C 69 76 
              65 64 20 
              61 73 20 
              61 20 64 
              65 76 69 
              6C 2C 20 
              65 68 3F STRING  DCB              "He lived as a devil, eh?" 
                                                            ;string
   39 00000078 00      EoS     DCB              0x00        ;end of string
   40 00000079         
   41 00000079                 END
Command Line: --debug --xref --bi --apcs=interwork --depend=.\question2.d -o.\q
uestion2.o -IC:\Keil\ARM\RV31\INC -IC:\Keil\ARM\CMSIS\Include --predefine="__EV
AL SETA 1" --list=.\question2.lst question2.s



ARM Macro Assembler    Page 1 Alphabetic symbol ordering
Relocatable symbols

EoS 00000078

Symbol: EoS
   Definitions
      At line 39 in file question2.s
   Uses
      At line 5 in file question2.s
Comment: EoS used once
False 00000058

Symbol: False
   Definitions
      At line 32 in file question2.s
   Uses
      At line 28 in file question2.s
Comment: False used once
Loop 0000005C

Symbol: Loop
   Definitions
      At line 34 in file question2.s
   Uses
      At line 34 in file question2.s
Comment: Loop used once
Loop1 00000008

Symbol: Loop1
   Definitions
      At line 7 in file question2.s
   Uses
      At line 16 in file question2.s
      At line 29 in file question2.s

Loop2 0000002C

Symbol: Loop2
   Definitions
      At line 18 in file question2.s
   Uses
      At line 25 in file question2.s
Comment: Loop2 used once
STRING 00000060

Symbol: STRING
   Definitions
      At line 38 in file question2.s
   Uses
      At line 4 in file question2.s
Comment: STRING used once
TBL 00000060

Symbol: TBL
   Definitions
      At line 36 in file question2.s
   Uses
      None
Comment: TBL unused
True 00000054




ARM Macro Assembler    Page 2 Alphabetic symbol ordering
Relocatable symbols

Symbol: True
   Definitions
      At line 31 in file question2.s
   Uses
      At line 9 in file question2.s
Comment: True used once
question2 00000000

Symbol: question2
   Definitions
      At line 1 in file question2.s
   Uses
      None
Comment: question2 unused
9 symbols
340 symbols in table
